Arguments: 
  C:\Program Files\nodejs\node.exe C:\Program Files (x86)\Yarn\bin\yarn.js add vant

PATH: 
  C:\Program Files (x86)\Common Files\Oracle\Java\javapath;C:\ProgramData\Oracle\Java\javapath;C:\Windows\system32;C:\Windows;C:\Windows\System32\Wbem;C:\Windows\System32\WindowsPowerShell\v1.0\;C:\Program Files (x86)\NVIDIA Corporation\PhysX\Common;C:\Program Files (x86)\Microsoft SQL Server\90\Tools\binn\;C:\Program Files (x86)\Microsoft SQL Server\100\Tools\Binn\;C:\Program Files\Microsoft SQL Server\100\Tools\Binn\;C:\Program Files\Microsoft SQL Server\100\DTS\Binn\;C:\Program Files\Java\jdk1.8.0_144\bin\bin;C:\Program Files\dotnet\;C:\Program Files\Microsoft\Web Platform Installer\;C:\Program Files\Microsoft SQL Server\130\Tools\Binn\;C:\Program Files (x86)\Yarn\bin\;C:\Users\hss\AppData\Roaming\nvm;C:\Program Files\nodejs;C:\Program Files\nodejs\;D:\webstore\Microsoft VS Code\bin;C:\Program Files\Git\cmd;C:\Users\hss\AppData\Local\Yarn\bin;C:\Users\hss\AppData\Roaming\nvm;C:\Program Files\nodejs;C:\Users\hss\AppData\Roaming\npm;D:\webstore\Microsoft VS Code\bin

Yarn version: 
  1.7.0

Node version: 
  8.11.2

Platform: 
  win32 x64

Trace: 
  Error: connect ETIMEDOUT 114.55.80.225:443
      at Object._errnoException (util.js:992:11)
      at _exceptionWithHostPort (util.js:1014:20)
      at TCPConnectWrap.afterConnect [as oncomplete] (net.js:1186:14)

npm manifest: 
  {
    "name": "790-jingxiaoshang",
    "version": "1.0.0",
    "description": "790后台模板",
    "author": "wdzg",
    "private": true,
    "scripts": {
      "dev": "node build/dev-server.js",
      "dev:test": "API_ENV=test node build/dev-server.js",
      "dev:wapa": "API_ENV=wapa node build/dev-server.js",
      "start": "node build/dev-server.js",
      "build": "node build/build.js",
      "build:test": "API_ENV=test node build/build.js",
      "build:wapa": "API_ENV=wapa node build/build.js",
      "lint": "eslint --ext .js,.vue src"
    },
    "dependencies": {
      "@xkeshi/vue-countdown": "^0.4.0",
      "axios": "^0.18.0",
      "babel-plugin-component": "^0.10.1",
      "bootstrap-vue": "^1.0.0-beta.9",
      "echarts": "^3.8.5",
      "element-china-area-data": "^4.0.0",
      "element-ui": "^2.0.3",
      "exif-js": "^2.3.0",
      "font-awesome": "^4.7.0",
      "is-url-external": "^1.0.3",
      "jquery": "^3.3.1",
      "lodash": "4.17.4",
      "md5": "^2.2.1",
      "pinyin": "^2.8.3",
      "qs": "^6.5.2",
      "simple-line-icons": "^2.4.1",
      "v-distpicker": "^1.0.17",
      "vant": "^1.3.3",
      "vue": "2.5.3",
      "vue-awesome-swiper": "^3.1.3",
      "vue-baidu-map": "^0.18.2",
      "vue-echarts": "2.5.0",
      "vue-lazyload": "^1.1.4",
      "vue-m-carousel": "^2.0.1",
      "vue-progressbar": "^0.7.3",
      "vue-quill-editor": "^2.3.2",
      "vue-resource": "^1.5.1",
      "vue-resource-progressbar-interceptor": "^1.1.9",
      "vue-router": "^2.8.1",
      "vue-wechat-title": "^2.0.5",
      "vuedraggable": "2.16.0",
      "vuex": "3.0.1",
      "weixin-js-sdk": "^1.4.0-test"
    },
    "devDependencies": {
      "autoprefixer": "7.1.4",
      "babel-core": "6.26.0",
      "babel-eslint": "8.0.0",
      "babel-loader": "7.1.2",
      "babel-plugin-transform-runtime": "^6.22.0",
      "babel-preset-env": "1.6.0",
      "babel-preset-stage-2": "6.24.1",
      "babel-register": "6.26.0",
      "canvas-to-image": "2.0.0",
      "chalk": "2.1.0",
      "connect-history-api-fallback": "^1.3.0",
      "copy-webpack-plugin": "^4.0.1",
      "css-loader": "0.28.7",
      "element-theme": "^2.0.0",
      "element-theme-chalk": "^2.0.3",
      "eslint": "4.7.2",
      "eslint-config-airbnb-base": "^11.3.0",
      "eslint-friendly-formatter": "^3.0.0",
      "eslint-import-resolver-webpack": "^0.8.3",
      "eslint-loader": "^1.7.1",
      "eslint-plugin-html": "^3.0.0",
      "eslint-plugin-import": "^2.7.0",
      "eventsource-polyfill": "^0.9.6",
      "express": "4.15.5",
      "extract-text-webpack-plugin": "3.0.0",
      "file-loader": "0.11.2",
      "friendly-errors-webpack-plugin": "1.6.1",
      "html-webpack-plugin": "2.30.1",
      "http-proxy-middleware": "0.17.4",
      "jquery": "^3.3.1",
      "json-loader": "^0.5.7",
      "node-sass": "^4.9.3",
      "opn": "5.1.0",
      "optimize-css-assets-webpack-plugin": "3.2.0",
      "ora": "1.3.0",
      "rimraf": "2.6.2",
      "sass-loader": "^6.0.6",
      "semver": "5.4.1",
      "shelljs": "0.7.8",
      "url-loader": "0.5.9",
      "vue-loader": "^13.7.3",
      "vue-router": "^2.8.1",
      "vue-style-loader": "3.0.3",
      "vue-template-compiler": "2.5.3",
      "webpack": "3.6.0",
      "webpack-bundle-analyzer": "2.9.0",
      "webpack-dev-middleware": "1.12.0",
      "webpack-hot-middleware": "2.19.1",
      "webpack-merge": "4.1.0"
    },
    "engines": {
      "node": ">= 4.0.0",
      "npm": ">= 3.0.0"
    }
  }

yarn manifest: 
  No manifest

Lockfile: 
  No lockfile
